<?xml version="1.0" encoding="UTF-8"?>
<!-- Generated by org.testng.reporters.JUnitXMLReporter -->
<testsuite hostname="Praveena" ignored="4" name="Test" tests="3" failures="0" timestamp="2021-04-23T22:34:02 IST" time="164.965" errors="0">
  <testcase name="@BeforeMethod beforeMethod" time="28.725" classname="lib.selenium.PreAndPost">
    <failure type="java.lang.NullPointerException">
      <![CDATA[java.lang.NullPointerException
at org.openqa.selenium.support.events.EventFiringWebDriver.lambda$new$0(EventFiringWebDriver.java:85)
at org.openqa.selenium.support.events.EventFiringWebDriver$$Lambda$561/20407169.invoke(Unknown Source)
at com.sun.proxy.$Proxy15.beforeNavigateTo(Unknown Source)
at org.openqa.selenium.support.events.EventFiringWebDriver.get(EventFiringWebDriver.java:165)
at lib.selenium.WebDriverServiceImpl.startApp(WebDriverServiceImpl.java:145)
at lib.selenium.WebDriverServiceImpl.startApp(WebDriverServiceImpl.java:154)
at lib.selenium.PreAndPost.beforeMethod(PreAndPost.java:40)
at java.util.concurrent.ThreadPoolExecutor.runWorker(ThreadPoolExecutor.java:1142)
at java.util.concurrent.ThreadPoolExecutor$Worker.run(ThreadPoolExecutor.java:617)
at java.lang.Thread.run(Thread.java:744)
... Removed 20 stack frames]]>
    </failure>
  </testcase> <!-- @BeforeMethod beforeMethod -->
  <testcase name="@AfterMethod afterMethod" time="-1.61919730793E9" classname="lib.selenium.PreAndPost">
    <skipped/>
  </testcase> <!-- @AfterMethod afterMethod -->
  <testcase name="@BeforeMethod beforeMethod" time="28.915" classname="lib.selenium.PreAndPost">
    <failure type="java.lang.NullPointerException">
      <![CDATA[java.lang.NullPointerException
at org.openqa.selenium.support.events.EventFiringWebDriver.lambda$new$0(EventFiringWebDriver.java:85)
at org.openqa.selenium.support.events.EventFiringWebDriver$$Lambda$561/20407169.invoke(Unknown Source)
at com.sun.proxy.$Proxy15.beforeNavigateTo(Unknown Source)
at org.openqa.selenium.support.events.EventFiringWebDriver.get(EventFiringWebDriver.java:165)
at lib.selenium.WebDriverServiceImpl.startApp(WebDriverServiceImpl.java:145)
at lib.selenium.WebDriverServiceImpl.startApp(WebDriverServiceImpl.java:154)
at lib.selenium.PreAndPost.beforeMethod(PreAndPost.java:40)
at java.util.concurrent.ThreadPoolExecutor.runWorker(ThreadPoolExecutor.java:1142)
at java.util.concurrent.ThreadPoolExecutor$Worker.run(ThreadPoolExecutor.java:617)
at java.lang.Thread.run(Thread.java:744)
... Removed 20 stack frames]]>
    </failure>
  </testcase> <!-- @BeforeMethod beforeMethod -->
  <testcase name="@AfterMethod afterMethod" time="-1.619197307992E9" classname="lib.selenium.PreAndPost">
    <skipped/>
  </testcase> <!-- @AfterMethod afterMethod -->
  <testcase name="runCreateNewTaske" time="0.0" classname="testcases.CreateNewTask_TC">
    <skipped/>
  </testcase> <!-- runCreateNewTaske -->
  <testcase name="runEditTask" time="0.0" classname="testcases.EditTask_TC">
    <skipped/>
  </testcase> <!-- runEditTask -->
  <testcase name="runDeleteTask" time="124.592" classname="testcases.DeleteTask_TC"/>
  <testcase name="@AfterSuite afterSuite" time="0.0" classname="lib.selenium.PreAndPost">
    <ignored/>
  </testcase> <!-- @AfterSuite afterSuite -->
  <testcase name="@AfterSuite afterSuite" time="0.0" classname="lib.selenium.PreAndPost">
    <ignored/>
  </testcase> <!-- @AfterSuite afterSuite -->
  <testcase name="@BeforeSuite beforeSuite" time="0.0" classname="lib.selenium.PreAndPost">
    <ignored/>
  </testcase> <!-- @BeforeSuite beforeSuite -->
  <testcase name="@BeforeSuite beforeSuite" time="0.0" classname="lib.selenium.PreAndPost">
    <ignored/>
  </testcase> <!-- @BeforeSuite beforeSuite -->
</testsuite> <!-- Test -->
