<?xml version="1.0" encoding="UTF-8"?>
<testng-results skipped="2" failed="0" ignored="4" total="7" passed="1">
  <reporter-output>
  </reporter-output>
  <suite name="Suite" duration-ms="164965" started-at="2021-04-23T22:31:17 IST" finished-at="2021-04-23T22:34:02 IST">
    <groups>
    </groups>
    <test name="Test" duration-ms="164965" started-at="2021-04-23T22:31:17 IST" finished-at="2021-04-23T22:34:02 IST">
      <class name="testcases.EditTask_TC">
        <test-method status="PASS" signature="setFile()[pri:0, instance:testcases.EditTask_TC@1db50c5]" name="setFile" is-config="true" duration-ms="0" started-at="2021-04-23T22:31:17 IST" finished-at="2021-04-23T22:31:17 IST">
          <reporter-output>
          </reporter-output>
        </test-method> <!-- setFile -->
        <test-method status="PASS" signature="beforeClass()[pri:0, instance:testcases.EditTask_TC@1db50c5]" name="beforeClass" is-config="true" duration-ms="4" started-at="2021-04-23T22:31:17 IST" finished-at="2021-04-23T22:31:17 IST">
          <reporter-output>
          </reporter-output>
        </test-method> <!-- beforeClass -->
        <test-method status="FAIL" signature="beforeMethod()[pri:0, instance:testcases.EditTask_TC@1db50c5]" name="beforeMethod" is-config="true" duration-ms="28915" started-at="2021-04-23T22:31:19 IST" finished-at="2021-04-23T22:31:47 IST">
          <exception class="java.lang.NullPointerException">
            <full-stacktrace>
              <![CDATA[java.lang.NullPointerException
at sun.reflect.NativeMethodAccessorImpl.invoke0(Native Method)
at sun.reflect.NativeMethodAccessorImpl.invoke(NativeMethodAccessorImpl.java:62)
at sun.reflect.DelegatingMethodAccessorImpl.invoke(DelegatingMethodAccessorImpl.java:43)
at java.lang.reflect.Method.invoke(Method.java:483)
at org.openqa.selenium.support.events.EventFiringWebDriver.lambda$new$0(EventFiringWebDriver.java:85)
at org.openqa.selenium.support.events.EventFiringWebDriver$$Lambda$561/20407169.invoke(Unknown Source)
at com.sun.proxy.$Proxy15.beforeNavigateTo(Unknown Source)
at org.openqa.selenium.support.events.EventFiringWebDriver.get(EventFiringWebDriver.java:165)
at lib.selenium.WebDriverServiceImpl.startApp(WebDriverServiceImpl.java:145)
at lib.selenium.WebDriverServiceImpl.startApp(WebDriverServiceImpl.java:154)
at lib.selenium.PreAndPost.beforeMethod(PreAndPost.java:40)
at sun.reflect.NativeMethodAccessorImpl.invoke0(Native Method)
at sun.reflect.NativeMethodAccessorImpl.invoke(NativeMethodAccessorImpl.java:62)
at sun.reflect.DelegatingMethodAccessorImpl.invoke(DelegatingMethodAccessorImpl.java:43)
at java.lang.reflect.Method.invoke(Method.java:483)
at org.testng.internal.MethodInvocationHelper.invokeMethod(MethodInvocationHelper.java:132)
at org.testng.internal.MethodInvocationHelper.invokeMethodConsideringTimeout(MethodInvocationHelper.java:61)
at org.testng.internal.ConfigInvoker.invokeConfigurationMethod(ConfigInvoker.java:366)
at org.testng.internal.ConfigInvoker.invokeConfigurations(ConfigInvoker.java:320)
at org.testng.internal.TestInvoker.runConfigMethods(TestInvoker.java:701)
at org.testng.internal.TestInvoker.invokeMethod(TestInvoker.java:527)
at org.testng.internal.TestInvoker.invokeTestMethod(TestInvoker.java:174)
at org.testng.internal.MethodRunner.runInSequence(MethodRunner.java:46)
at org.testng.internal.TestInvoker$MethodInvocationAgent.invoke(TestInvoker.java:822)
at org.testng.internal.TestInvoker.invokeTestMethods(TestInvoker.java:147)
at org.testng.internal.TestMethodWorker.invokeTestMethods(TestMethodWorker.java:146)
at org.testng.internal.TestMethodWorker.run(TestMethodWorker.java:128)
at java.util.concurrent.ThreadPoolExecutor.runWorker(ThreadPoolExecutor.java:1142)
at java.util.concurrent.ThreadPoolExecutor$Worker.run(ThreadPoolExecutor.java:617)
at java.lang.Thread.run(Thread.java:744)
]]>
            </full-stacktrace>
          </exception> <!-- java.lang.NullPointerException -->
          <reporter-output>
          </reporter-output>
        </test-method> <!-- beforeMethod -->
        <test-method status="SKIP" signature="runEditTask(java.lang.String, java.lang.String, java.lang.String)[pri:0, instance:testcases.EditTask_TC@1db50c5]" name="runEditTask" duration-ms="0" started-at="2021-04-23T22:31:47 IST" data-provider="fetchdata" finished-at="2021-04-23T22:31:47 IST">
          <params>
            <param index="0">
              <value>
                <![CDATA[cypress@testleaf.com]]>
              </value>
            </param>
            <param index="1">
              <value>
                <![CDATA[Selbootcamp@123]]>
              </value>
            </param>
            <param index="2">
              <value>
                <![CDATA[Bootcamp]]>
              </value>
            </param>
          </params>
          <exception class="java.lang.NullPointerException">
            <full-stacktrace>
              <![CDATA[java.lang.NullPointerException
at sun.reflect.NativeMethodAccessorImpl.invoke0(Native Method)
at sun.reflect.NativeMethodAccessorImpl.invoke(NativeMethodAccessorImpl.java:62)
at sun.reflect.DelegatingMethodAccessorImpl.invoke(DelegatingMethodAccessorImpl.java:43)
at java.lang.reflect.Method.invoke(Method.java:483)
at org.openqa.selenium.support.events.EventFiringWebDriver.lambda$new$0(EventFiringWebDriver.java:85)
at org.openqa.selenium.support.events.EventFiringWebDriver$$Lambda$561/20407169.invoke(Unknown Source)
at com.sun.proxy.$Proxy15.beforeNavigateTo(Unknown Source)
at org.openqa.selenium.support.events.EventFiringWebDriver.get(EventFiringWebDriver.java:165)
at lib.selenium.WebDriverServiceImpl.startApp(WebDriverServiceImpl.java:145)
at lib.selenium.WebDriverServiceImpl.startApp(WebDriverServiceImpl.java:154)
at lib.selenium.PreAndPost.beforeMethod(PreAndPost.java:40)
at sun.reflect.NativeMethodAccessorImpl.invoke0(Native Method)
at sun.reflect.NativeMethodAccessorImpl.invoke(NativeMethodAccessorImpl.java:62)
at sun.reflect.DelegatingMethodAccessorImpl.invoke(DelegatingMethodAccessorImpl.java:43)
at java.lang.reflect.Method.invoke(Method.java:483)
at org.testng.internal.MethodInvocationHelper.invokeMethod(MethodInvocationHelper.java:132)
at org.testng.internal.MethodInvocationHelper.invokeMethodConsideringTimeout(MethodInvocationHelper.java:61)
at org.testng.internal.ConfigInvoker.invokeConfigurationMethod(ConfigInvoker.java:366)
at org.testng.internal.ConfigInvoker.invokeConfigurations(ConfigInvoker.java:320)
at org.testng.internal.TestInvoker.runConfigMethods(TestInvoker.java:701)
at org.testng.internal.TestInvoker.invokeMethod(TestInvoker.java:527)
at org.testng.internal.TestInvoker.invokeTestMethod(TestInvoker.java:174)
at org.testng.internal.MethodRunner.runInSequence(MethodRunner.java:46)
at org.testng.internal.TestInvoker$MethodInvocationAgent.invoke(TestInvoker.java:822)
at org.testng.internal.TestInvoker.invokeTestMethods(TestInvoker.java:147)
at org.testng.internal.TestMethodWorker.invokeTestMethods(TestMethodWorker.java:146)
at org.testng.internal.TestMethodWorker.run(TestMethodWorker.java:128)
at java.util.concurrent.ThreadPoolExecutor.runWorker(ThreadPoolExecutor.java:1142)
at java.util.concurrent.ThreadPoolExecutor$Worker.run(ThreadPoolExecutor.java:617)
at java.lang.Thread.run(Thread.java:744)
]]>
            </full-stacktrace>
          </exception> <!-- java.lang.NullPointerException -->
          <reporter-output>
          </reporter-output>
        </test-method> <!-- runEditTask -->
        <test-method status="SKIP" signature="afterMethod()[pri:0, instance:testcases.EditTask_TC@1db50c5]" name="afterMethod" is-config="true" duration-ms="-1619197307992" started-at="2021-04-23T22:31:47 IST" finished-at="1970-01-01T05:30:00 IST">
          <reporter-output>
          </reporter-output>
        </test-method> <!-- afterMethod -->
      </class> <!-- testcases.EditTask_TC -->
      <class name="testcases.CreateNewTask_TC">
        <test-method status="PASS" signature="setFile()[pri:0, instance:testcases.CreateNewTask_TC@72e3f]" name="setFile" is-config="true" duration-ms="2" started-at="2021-04-23T22:31:17 IST" finished-at="2021-04-23T22:31:17 IST">
          <reporter-output>
          </reporter-output>
        </test-method> <!-- setFile -->
        <test-method status="PASS" signature="beforeClass()[pri:0, instance:testcases.CreateNewTask_TC@72e3f]" name="beforeClass" is-config="true" duration-ms="3" started-at="2021-04-23T22:31:17 IST" finished-at="2021-04-23T22:31:17 IST">
          <reporter-output>
          </reporter-output>
        </test-method> <!-- beforeClass -->
        <test-method status="FAIL" signature="beforeMethod()[pri:0, instance:testcases.CreateNewTask_TC@72e3f]" name="beforeMethod" is-config="true" duration-ms="28725" started-at="2021-04-23T22:31:19 IST" finished-at="2021-04-23T22:31:47 IST">
          <exception class="java.lang.NullPointerException">
            <full-stacktrace>
              <![CDATA[java.lang.NullPointerException
at sun.reflect.NativeMethodAccessorImpl.invoke0(Native Method)
at sun.reflect.NativeMethodAccessorImpl.invoke(NativeMethodAccessorImpl.java:62)
at sun.reflect.DelegatingMethodAccessorImpl.invoke(DelegatingMethodAccessorImpl.java:43)
at java.lang.reflect.Method.invoke(Method.java:483)
at org.openqa.selenium.support.events.EventFiringWebDriver.lambda$new$0(EventFiringWebDriver.java:85)
at org.openqa.selenium.support.events.EventFiringWebDriver$$Lambda$561/20407169.invoke(Unknown Source)
at com.sun.proxy.$Proxy15.beforeNavigateTo(Unknown Source)
at org.openqa.selenium.support.events.EventFiringWebDriver.get(EventFiringWebDriver.java:165)
at lib.selenium.WebDriverServiceImpl.startApp(WebDriverServiceImpl.java:145)
at lib.selenium.WebDriverServiceImpl.startApp(WebDriverServiceImpl.java:154)
at lib.selenium.PreAndPost.beforeMethod(PreAndPost.java:40)
at sun.reflect.NativeMethodAccessorImpl.invoke0(Native Method)
at sun.reflect.NativeMethodAccessorImpl.invoke(NativeMethodAccessorImpl.java:62)
at sun.reflect.DelegatingMethodAccessorImpl.invoke(DelegatingMethodAccessorImpl.java:43)
at java.lang.reflect.Method.invoke(Method.java:483)
at org.testng.internal.MethodInvocationHelper.invokeMethod(MethodInvocationHelper.java:132)
at org.testng.internal.MethodInvocationHelper.invokeMethodConsideringTimeout(MethodInvocationHelper.java:61)
at org.testng.internal.ConfigInvoker.invokeConfigurationMethod(ConfigInvoker.java:366)
at org.testng.internal.ConfigInvoker.invokeConfigurations(ConfigInvoker.java:320)
at org.testng.internal.TestInvoker.runConfigMethods(TestInvoker.java:701)
at org.testng.internal.TestInvoker.invokeMethod(TestInvoker.java:527)
at org.testng.internal.TestInvoker.invokeTestMethod(TestInvoker.java:174)
at org.testng.internal.MethodRunner.runInSequence(MethodRunner.java:46)
at org.testng.internal.TestInvoker$MethodInvocationAgent.invoke(TestInvoker.java:822)
at org.testng.internal.TestInvoker.invokeTestMethods(TestInvoker.java:147)
at org.testng.internal.TestMethodWorker.invokeTestMethods(TestMethodWorker.java:146)
at org.testng.internal.TestMethodWorker.run(TestMethodWorker.java:128)
at java.util.concurrent.ThreadPoolExecutor.runWorker(ThreadPoolExecutor.java:1142)
at java.util.concurrent.ThreadPoolExecutor$Worker.run(ThreadPoolExecutor.java:617)
at java.lang.Thread.run(Thread.java:744)
]]>
            </full-stacktrace>
          </exception> <!-- java.lang.NullPointerException -->
          <reporter-output>
          </reporter-output>
        </test-method> <!-- beforeMethod -->
        <test-method status="SKIP" signature="runCreateNewTaske(java.lang.String, java.lang.String, java.lang.String, java.lang.String, java.lang.String)[pri:0, instance:testcases.CreateNewTask_TC@72e3f]" name="runCreateNewTaske" duration-ms="0" started-at="2021-04-23T22:31:47 IST" data-provider="fetchdata" finished-at="2021-04-23T22:31:47 IST">
          <params>
            <param index="0">
              <value>
                <![CDATA[cypress@testleaf.com]]>
              </value>
            </param>
            <param index="1">
              <value>
                <![CDATA[Selbootcamp@123]]>
              </value>
            </param>
            <param index="2">
              <value>
                <![CDATA[Bootcamp]]>
              </value>
            </param>
            <param index="3">
              <value>
                <![CDATA[Peter]]>
              </value>
            </param>
            <param index="4">
              <value>
                <![CDATA[Bootcamp]]>
              </value>
            </param>
          </params>
          <exception class="java.lang.NullPointerException">
            <full-stacktrace>
              <![CDATA[java.lang.NullPointerException
at sun.reflect.NativeMethodAccessorImpl.invoke0(Native Method)
at sun.reflect.NativeMethodAccessorImpl.invoke(NativeMethodAccessorImpl.java:62)
at sun.reflect.DelegatingMethodAccessorImpl.invoke(DelegatingMethodAccessorImpl.java:43)
at java.lang.reflect.Method.invoke(Method.java:483)
at org.openqa.selenium.support.events.EventFiringWebDriver.lambda$new$0(EventFiringWebDriver.java:85)
at org.openqa.selenium.support.events.EventFiringWebDriver$$Lambda$561/20407169.invoke(Unknown Source)
at com.sun.proxy.$Proxy15.beforeNavigateTo(Unknown Source)
at org.openqa.selenium.support.events.EventFiringWebDriver.get(EventFiringWebDriver.java:165)
at lib.selenium.WebDriverServiceImpl.startApp(WebDriverServiceImpl.java:145)
at lib.selenium.WebDriverServiceImpl.startApp(WebDriverServiceImpl.java:154)
at lib.selenium.PreAndPost.beforeMethod(PreAndPost.java:40)
at sun.reflect.NativeMethodAccessorImpl.invoke0(Native Method)
at sun.reflect.NativeMethodAccessorImpl.invoke(NativeMethodAccessorImpl.java:62)
at sun.reflect.DelegatingMethodAccessorImpl.invoke(DelegatingMethodAccessorImpl.java:43)
at java.lang.reflect.Method.invoke(Method.java:483)
at org.testng.internal.MethodInvocationHelper.invokeMethod(MethodInvocationHelper.java:132)
at org.testng.internal.MethodInvocationHelper.invokeMethodConsideringTimeout(MethodInvocationHelper.java:61)
at org.testng.internal.ConfigInvoker.invokeConfigurationMethod(ConfigInvoker.java:366)
at org.testng.internal.ConfigInvoker.invokeConfigurations(ConfigInvoker.java:320)
at org.testng.internal.TestInvoker.runConfigMethods(TestInvoker.java:701)
at org.testng.internal.TestInvoker.invokeMethod(TestInvoker.java:527)
at org.testng.internal.TestInvoker.invokeTestMethod(TestInvoker.java:174)
at org.testng.internal.MethodRunner.runInSequence(MethodRunner.java:46)
at org.testng.internal.TestInvoker$MethodInvocationAgent.invoke(TestInvoker.java:822)
at org.testng.internal.TestInvoker.invokeTestMethods(TestInvoker.java:147)
at org.testng.internal.TestMethodWorker.invokeTestMethods(TestMethodWorker.java:146)
at org.testng.internal.TestMethodWorker.run(TestMethodWorker.java:128)
at java.util.concurrent.ThreadPoolExecutor.runWorker(ThreadPoolExecutor.java:1142)
at java.util.concurrent.ThreadPoolExecutor$Worker.run(ThreadPoolExecutor.java:617)
at java.lang.Thread.run(Thread.java:744)
]]>
            </full-stacktrace>
          </exception> <!-- java.lang.NullPointerException -->
          <reporter-output>
          </reporter-output>
        </test-method> <!-- runCreateNewTaske -->
        <test-method status="SKIP" signature="afterMethod()[pri:0, instance:testcases.CreateNewTask_TC@72e3f]" name="afterMethod" is-config="true" duration-ms="-1619197307930" started-at="2021-04-23T22:31:47 IST" finished-at="1970-01-01T05:30:00 IST">
          <reporter-output>
          </reporter-output>
        </test-method> <!-- afterMethod -->
      </class> <!-- testcases.CreateNewTask_TC -->
      <class name="testcases.DeleteTask_TC">
        <test-method status="PASS" signature="beforeSuite()[pri:0, instance:testcases.DeleteTask_TC@1b467e9]" name="beforeSuite" is-config="true" duration-ms="3682" started-at="2021-04-23T22:31:13 IST" finished-at="2021-04-23T22:31:17 IST">
          <reporter-output>
          </reporter-output>
        </test-method> <!-- beforeSuite -->
        <test-method status="PASS" signature="setFile()[pri:0, instance:testcases.DeleteTask_TC@1b467e9]" name="setFile" is-config="true" duration-ms="1" started-at="2021-04-23T22:31:17 IST" finished-at="2021-04-23T22:31:17 IST">
          <reporter-output>
          </reporter-output>
        </test-method> <!-- setFile -->
        <test-method status="PASS" signature="beforeClass()[pri:0, instance:testcases.DeleteTask_TC@1b467e9]" name="beforeClass" is-config="true" duration-ms="4" started-at="2021-04-23T22:31:17 IST" finished-at="2021-04-23T22:31:17 IST">
          <reporter-output>
          </reporter-output>
        </test-method> <!-- beforeClass -->
        <test-method status="PASS" signature="beforeMethod()[pri:0, instance:testcases.DeleteTask_TC@1b467e9]" name="beforeMethod" is-config="true" duration-ms="35445" started-at="2021-04-23T22:31:19 IST" finished-at="2021-04-23T22:31:54 IST">
          <reporter-output>
          </reporter-output>
        </test-method> <!-- beforeMethod -->
        <test-method status="PASS" signature="runDeleteTask(java.lang.String, java.lang.String, java.lang.String)[pri:0, instance:testcases.DeleteTask_TC@1b467e9]" name="runDeleteTask" duration-ms="124592" started-at="2021-04-23T22:31:54 IST" data-provider="fetchdata" finished-at="2021-04-23T22:33:59 IST">
          <params>
            <param index="0">
              <value>
                <![CDATA[cypress@testleaf.com]]>
              </value>
            </param>
            <param index="1">
              <value>
                <![CDATA[Selbootcamp@123]]>
              </value>
            </param>
            <param index="2">
              <value>
                <![CDATA[Bootcamp]]>
              </value>
            </param>
          </params>
          <reporter-output>
          </reporter-output>
        </test-method> <!-- runDeleteTask -->
        <test-method status="PASS" signature="afterMethod()[pri:0, instance:testcases.DeleteTask_TC@1b467e9]" name="afterMethod" is-config="true" duration-ms="2987" started-at="2021-04-23T22:33:59 IST" finished-at="2021-04-23T22:34:02 IST">
          <reporter-output>
          </reporter-output>
        </test-method> <!-- afterMethod -->
        <test-method status="PASS" signature="afterSuite()[pri:0, instance:testcases.DeleteTask_TC@1b467e9]" name="afterSuite" is-config="true" duration-ms="1870" started-at="2021-04-23T22:34:02 IST" finished-at="2021-04-23T22:34:04 IST">
          <reporter-output>
          </reporter-output>
        </test-method> <!-- afterSuite -->
      </class> <!-- testcases.DeleteTask_TC -->
    </test> <!-- Test -->
  </suite> <!-- Suite -->
</testng-results>
